-------------------------------------------------------------------------------
Test set: com.portfolio.fibonaccinim.FibNimTest
-------------------------------------------------------------------------------
Tests run: 1, Failures: 0, Errors: 1, Skipped: 0, Time elapsed: 0.015 s <<< FAILURE! - in com.portfolio.fibonaccinim.FibNimTest
testLevel1Player1Wins  Time elapsed: 0.013 s  <<< ERROR!
java.util.NoSuchElementException: No line found
	at com.portfolio.fibonaccinim.FibNimTest.runGameTest(FibNimTest.java:55)
	at com.portfolio.fibonaccinim.FibNimTest.testLevel1Player1Wins(FibNimTest.java:41)

