<?xml version="1.0" encoding="UTF-8"?>
<testsuite xmlns:xsi="http://www.w3.org/2001/XMLSchema-instance" xsi:noNamespaceSchemaLocation="https://maven.apache.org/surefire/maven-surefire-plugin/xsd/surefire-test-report.xsd" name="com.portfolio.fibonaccinim.FibNimTest" time="0.015" tests="1" errors="1" skipped="0" failures="0">
  <properties>
[...]
</properties>
  <testcase name="testLevel1Player1Wins" classname="com.portfolio.fibonaccinim.FibNimTest" time="0.013">
    <error message="No line found" type="java.util.NoSuchElementException">java.util.NoSuchElementException: No line found
	at com.portfolio.fibonaccinim.FibNimTest.runGameTest(FibNimTest.java:55)
	at com.portfolio.fibonaccinim.FibNimTest.testLevel1Player1Wins(FibNimTest.java:41)
</error>
  </testcase>
</testsuite>